<?xml version="1.0" encoding="UTF-8"?>
<!-- Generated by org.testng.reporters.JUnitReportReporter -->
<testsuite skipped="0" hostname="DESKTOP-93FTARC" name="com.TestNG.GoogleTest" tests="3" failures="0" timestamp="19 Jan 2024 21:33:35 GMT" time="0.619" errors="0">
  <testcase name="titleValidation" time="0.078" classname="com.TestNG.GoogleTest"/>
  <testcase name="signinButtonValidation" time="0.482" classname="com.TestNG.GoogleTest"/>
  <testcase name="tit1leValidation" time="0.059" classname="com.TestNG.GoogleTest"/>
</testsuite> <!-- com.TestNG.GoogleTest -->
