<?xml version="1.0" encoding="UTF-8"?>
<!-- Generated by org.testng.reporters.JUnitReportReporter -->
<testsuite skipped="0" hostname="DESKTOP-93FTARC" name="com.TestNG.TestNgBasics" tests="2" failures="0" timestamp="11 Jan 2024 19:27:19 GMT" time="0.016" errors="0">
  <testcase name="testCase1" time="0.016" classname="com.TestNG.TestNgBasics"/>
  <testcase name="testCase2" time="0.000" classname="com.TestNG.TestNgBasics"/>
</testsuite> <!-- com.TestNG.TestNgBasics -->
